c:\users\user\desktop\portfolio\realtime3dtechniquesforgames\hiearchalanimationassigment\assignmentcode\assignmentcode\hierarchy\hierarchy\debug\vc120.pdb
c:\users\user\desktop\portfolio\realtime3dtechniquesforgames\hiearchalanimationassigment\assignmentcode\assignmentcode\hierarchy\hierarchy\debug\vc120.idb
c:\users\user\desktop\portfolio\realtime3dtechniquesforgames\hiearchalanimationassigment\assignmentcode\assignmentcode\hierarchy\hierarchy\debug\tinyxml2.obj
c:\users\user\desktop\portfolio\realtime3dtechniquesforgames\hiearchalanimationassigment\assignmentcode\assignmentcode\hierarchy\hierarchy\debug\robot.obj
c:\users\user\desktop\portfolio\realtime3dtechniquesforgames\hiearchalanimationassigment\assignmentcode\assignmentcode\hierarchy\hierarchy\debug\meshcomponent.obj
c:\users\user\desktop\portfolio\realtime3dtechniquesforgames\hiearchalanimationassigment\assignmentcode\assignmentcode\hierarchy\hierarchy\debug\imgui_widgets.obj
c:\users\user\desktop\portfolio\realtime3dtechniquesforgames\hiearchalanimationassigment\assignmentcode\assignmentcode\hierarchy\hierarchy\debug\imgui_impl_win32.obj
c:\users\user\desktop\portfolio\realtime3dtechniquesforgames\hiearchalanimationassigment\assignmentcode\assignmentcode\hierarchy\hierarchy\debug\imgui_impl_dx11.obj
c:\users\user\desktop\portfolio\realtime3dtechniquesforgames\hiearchalanimationassigment\assignmentcode\assignmentcode\hierarchy\hierarchy\debug\imgui_draw.obj
c:\users\user\desktop\portfolio\realtime3dtechniquesforgames\hiearchalanimationassigment\assignmentcode\assignmentcode\hierarchy\hierarchy\debug\imgui.obj
c:\users\user\desktop\portfolio\realtime3dtechniquesforgames\hiearchalanimationassigment\assignmentcode\assignmentcode\hierarchy\hierarchy\debug\hierarchy.obj
c:\users\user\desktop\portfolio\realtime3dtechniquesforgames\hiearchalanimationassigment\assignmentcode\assignmentcode\hierarchy\hierarchy\debug\heightmap.obj
c:\users\user\desktop\portfolio\realtime3dtechniquesforgames\hiearchalanimationassigment\assignmentcode\assignmentcode\hierarchy\hierarchy\debug\bulletpool.obj
c:\users\user\desktop\portfolio\realtime3dtechniquesforgames\hiearchalanimationassigment\assignmentcode\assignmentcode\hierarchy\hierarchy\debug\bullet.obj
c:\users\user\desktop\portfolio\realtime3dtechniquesforgames\hiearchalanimationassigment\assignmentcode\assignmentcode\hierarchy\hierarchy\debug\application.obj
c:\users\user\desktop\portfolio\realtime3dtechniquesforgames\hiearchalanimationassigment\assignmentcode\assignmentcode\hierarchy\hierarchy\debug\animationparser.obj
c:\users\user\desktop\portfolio\realtime3dtechniquesforgames\hiearchalanimationassigment\assignmentcode\assignmentcode\hierarchy\hierarchy\debug\animationcontroller.obj
c:\users\user\desktop\portfolio\realtime3dtechniquesforgames\hiearchalanimationassigment\assignmentcode\assignmentcode\hierarchy\hierarchy\debug\animation.obj
c:\users\user\desktop\portfolio\realtime3dtechniquesforgames\hiearchalanimationassigment\assignmentcode\assignmentcode\hierarchy\hierarchy\debug\aeroplane.obj
c:\users\user\desktop\portfolio\realtime3dtechniquesforgames\hiearchalanimationassigment\assignmentcode\assignmentcode\hierarchy\debug\hierarchy.ilk
c:\users\user\desktop\portfolio\realtime3dtechniquesforgames\hiearchalanimationassigment\assignmentcode\assignmentcode\hierarchy\debug\hierarchy.exe
c:\users\user\desktop\portfolio\realtime3dtechniquesforgames\hiearchalanimationassigment\assignmentcode\assignmentcode\hierarchy\debug\hierarchy.pdb
c:\users\user\desktop\portfolio\realtime3dtechniquesforgames\hiearchalanimationassigment\assignmentcode\assignmentcode\hierarchy\hierarchy\debug\hierarchy.tlog\cl.command.1.tlog
c:\users\user\desktop\portfolio\realtime3dtechniquesforgames\hiearchalanimationassigment\assignmentcode\assignmentcode\hierarchy\hierarchy\debug\hierarchy.tlog\cl.read.1.tlog
c:\users\user\desktop\portfolio\realtime3dtechniquesforgames\hiearchalanimationassigment\assignmentcode\assignmentcode\hierarchy\hierarchy\debug\hierarchy.tlog\cl.write.1.tlog
c:\users\user\desktop\portfolio\realtime3dtechniquesforgames\hiearchalanimationassigment\assignmentcode\assignmentcode\hierarchy\hierarchy\debug\hierarchy.tlog\link.command.1.tlog
c:\users\user\desktop\portfolio\realtime3dtechniquesforgames\hiearchalanimationassigment\assignmentcode\assignmentcode\hierarchy\hierarchy\debug\hierarchy.tlog\link.read.1.tlog
c:\users\user\desktop\portfolio\realtime3dtechniquesforgames\hiearchalanimationassigment\assignmentcode\assignmentcode\hierarchy\hierarchy\debug\hierarchy.tlog\link.write.1.tlog
